2026-03-01 20:11:05.128 +05:30 [INF] Starting SareeGrace API...
2026-03-01 20:11:07.025 +05:30 [FTL] SareeGrace API terminated unexpectedly
System.AggregateException: Some services are not able to be constructed (Error while validating the service descriptor 'ServiceType: SareeGrace.Application.Interfaces.IImageService Lifetime: Scoped ImplementationType: SareeGrace.Infrastructure.Services.LocalImageService': Unable to resolve service for type 'System.String' while attempting to activate 'SareeGrace.Infrastructure.Services.LocalImageService'.)
 ---> System.InvalidOperationException: Error while validating the service descriptor 'ServiceType: SareeGrace.Application.Interfaces.IImageService Lifetime: Scoped ImplementationType: SareeGrace.Infrastructure.Services.LocalImageService': Unable to resolve service for type 'System.String' while attempting to activate 'SareeGrace.Infrastructure.Services.LocalImageService'.
 ---> System.InvalidOperationException: Unable to resolve service for type 'System.String' while attempting to activate 'SareeGrace.Infrastructure.Services.LocalImageService'.
   at Microsoft.Extensions.DependencyInjection.ServiceLookup.CallSiteFactory.CreateArgumentCallSites(ServiceIdentifier serviceIdentifier, Type implementationType, CallSiteChain callSiteChain, ParameterInfo[] parameters, Boolean throwIfCallSiteNotFound)
   at Microsoft.Extensions.DependencyInjection.ServiceLookup.CallSiteFactory.CreateConstructorCallSite(ResultCache lifetime, ServiceIdentifier serviceIdentifier, Type implementationType, CallSiteChain callSiteChain)
   at Microsoft.Extensions.DependencyInjection.ServiceLookup.CallSiteFactory.CreateExact(ServiceDescriptor descriptor, ServiceIdentifier serviceIdentifier, CallSiteChain callSiteChain, Int32 slot)
   at Microsoft.Extensions.DependencyInjection.ServiceLookup.CallSiteFactory.TryCreateExact(ServiceDescriptor descriptor, ServiceIdentifier serviceIdentifier, CallSiteChain callSiteChain, Int32 slot)
   at Microsoft.Extensions.DependencyInjection.ServiceLookup.CallSiteFactory.GetCallSite(ServiceDescriptor serviceDescriptor, CallSiteChain callSiteChain)
   at Microsoft.Extensions.DependencyInjection.ServiceProvider.ValidateService(ServiceDescriptor descriptor)
   --- End of inner exception stack trace ---
   at Microsoft.Extensions.DependencyInjection.ServiceProvider.ValidateService(ServiceDescriptor descriptor)
   at Microsoft.Extensions.DependencyInjection.ServiceProvider..ctor(ICollection`1 serviceDescriptors, ServiceProviderOptions options)
   --- End of inner exception stack trace ---
   at Microsoft.Extensions.DependencyInjection.ServiceProvider..ctor(ICollection`1 serviceDescriptors, ServiceProviderOptions options)
   at Microsoft.Extensions.DependencyInjection.ServiceCollectionContainerBuilderExtensions.BuildServiceProvider(IServiceCollection services, ServiceProviderOptions options)
   at Microsoft.Extensions.Hosting.HostApplicationBuilder.Build()
   at Microsoft.AspNetCore.Builder.WebApplicationBuilder.Build()
   at Program.<Main>$(String[] args) in C:\Users\akhilesh.kulkarni\Downloads\VibeCoding_SareeWeb\VibeCoding_SareeWeb\src\SareeGrace.API\Program.cs:line 129
